--Executando Baixa 01-01-2019 19:27
--Executado Baixa 01-01-2019 19:27
-Executando busca 01-01-2019 19:30
--Executando Baixa 01-01-2019 19:30
---Executando procura 01-01-2019 19:30
----Executando remove cnpj errado 01-01-2019 19:30
-----Executado Grava 01-01-2019 19:30
----Executando consulta 01-01-2019 19:30
Nenhum empresa consultada
----Executado consulta 01-01-2019 19:30
--Executado Baixa 01-01-2019 19:30
---Executado procura 01-01-2019 19:30
----Executado remove cnpj errado 01-01-2019 19:30
-Executado Busca 01-01-2019 19:30
--Executando Baixa 01-01-2019 19:33
--Executado Baixa 01-01-2019 19:33
---Executando procura 01-01-2019 19:35
----Executando remove cnpj errado 01-01-2019 19:35
----Executando consulta 01-01-2019 19:35
---Executado procura 01-01-2019 19:35
----Executado remove cnpj errado 01-01-2019 19:35
--Executando Baixa 01-01-2019 19:36
--Executado Baixa 01-01-2019 19:36
----Executado consulta 01-01-2019 19:37
-Executado Busca 01-01-2019 19:37
--Executando Baixa 01-01-2019 19:39
---Executando procura 01-01-2019 19:40
----Executando consulta 01-01-2019 19:40
----Executando remove cnpj errado 01-01-2019 19:40
-Executando busca 01-01-2019 19:40
Nenhum empresa consultada
----Executado consulta 01-01-2019 19:40
---Executado procura 01-01-2019 19:40
----Executado remove cnpj errado 01-01-2019 19:40
--Executando Baixa 01-01-2019 19:42
--Executado Baixa 01-01-2019 19:42
-Executado Busca 01-01-2019 19:42
--Executando Baixa 01-01-2019 19:45
----Executando remove cnpj errado 01-01-2019 19:45
---Executando procura 01-01-2019 19:45
----Executando consulta 01-01-2019 19:45
---Executado procura 01-01-2019 19:45
----Executado remove cnpj errado 01-01-2019 19:45
--Executando Baixa 01-01-2019 19:48
----Executado consulta 01-01-2019 19:48
----Executando remove cnpj errado 01-01-2019 19:50
-Executando busca 01-01-2019 19:50
----Executando consulta 01-01-2019 19:50
---Executando procura 01-01-2019 19:50
Nenhum empresa consultada
----Executado consulta 01-01-2019 19:50
---Executado procura 01-01-2019 19:50
----Executado remove cnpj errado 01-01-2019 19:50
--Executando Baixa 01-01-2019 19:51
--Executado Baixa 01-01-2019 19:51
--Executando Baixa 01-01-2019 19:54
--Executado Baixa 01-01-2019 19:54
----Executando remove cnpj errado 01-01-2019 19:55
---Executando procura 01-01-2019 19:55
----Executando consulta 01-01-2019 19:55
---Executado procura 01-01-2019 19:55
----Executado remove cnpj errado 01-01-2019 19:55
--Executando Baixa 01-01-2019 19:57
--Executado Baixa 01-01-2019 19:57
----Executando consulta 01-01-2019 20:00
----Executando remove cnpj errado 01-01-2019 20:00
-----Executado Grava 01-01-2019 20:00
---Executando procura 01-01-2019 20:00
-Executando busca 01-01-2019 20:00
--Executando Baixa 01-01-2019 20:00
---Executado procura 01-01-2019 20:00
--Executado Baixa 01-01-2019 20:00
----Executado remove cnpj errado 01-01-2019 20:00
-Executado Busca 01-01-2019 20:00
--Executando Baixa 01-01-2019 20:03
----Executado consulta 01-01-2019 20:03
----Executando remove cnpj errado 01-01-2019 20:05
---Executando procura 01-01-2019 20:05
----Executando consulta 01-01-2019 20:05
Nenhum empresa consultada
----Executado consulta 01-01-2019 20:05
---Executado procura 01-01-2019 20:05
----Executado remove cnpj errado 01-01-2019 20:05
--Executando Baixa 01-01-2019 20:06
--Executado Baixa 01-01-2019 20:06
--Executando Baixa 01-01-2019 20:09
--Executado Baixa 01-01-2019 20:09
---Executando procura 01-01-2019 20:10
----Executando remove cnpj errado 01-01-2019 20:10
----Executando consulta 01-01-2019 20:10
-Executando busca 01-01-2019 20:10
---Executado procura 01-01-2019 20:10
----Executado remove cnpj errado 01-01-2019 20:10
--Executando Baixa 01-01-2019 20:12
--Executado Baixa 01-01-2019 20:12
----Executando remove cnpj errado 01-01-2019 20:15
---Executando procura 01-01-2019 20:15
--Executando Baixa 01-01-2019 20:15
----Executando consulta 01-01-2019 20:15
--Executado Baixa 01-01-2019 20:15
---Executado procura 01-01-2019 20:15
----Executado remove cnpj errado 01-01-2019 20:15
----Executado consulta 01-01-2019 20:15
-Executado Busca 01-01-2019 20:17
--Executando Baixa 01-01-2019 20:18
--Executado Baixa 01-01-2019 20:18
--Executado Baixa 01-01-2019 18:28
